<?xml version="1.0" encoding="UTF-8"?>
<testng-results ignored="0" total="1" passed="1" failed="0" skipped="0">
  <reporter-output>
    <line>
      <![CDATA[Admin is created Successfully....]]>
    </line>
  </reporter-output>
  <suite started-at="2026-01-17T09:53:53 IST" name="Default suite" finished-at="2026-01-17T09:54:13 IST" duration-ms="19604">
    <groups>
    </groups>
    <test started-at="2026-01-17T09:53:53 IST" name="Default test" finished-at="2026-01-17T09:54:13 IST" duration-ms="19604">
      <class name="AdminModule.Admin">
        <test-method is-config="true" signature="precondition()[pri:0, instance:AdminModule.Admin@793f29ff]" started-at="2026-01-17T09:53:53 IST" name="precondition" finished-at="2026-01-17T09:53:57 IST" duration-ms="4444" status="PASS">
          <reporter-output>
          </reporter-output>
        </test-method> <!-- precondition -->
        <test-method is-config="true" signature="login()[pri:0, instance:AdminModule.Admin@793f29ff]" started-at="2026-01-17T09:53:57 IST" name="login" finished-at="2026-01-17T09:53:58 IST" duration-ms="656" status="PASS">
          <reporter-output>
          </reporter-output>
        </test-method> <!-- login -->
        <test-method signature="tc_0020()[pri:0, instance:AdminModule.Admin@793f29ff]" started-at="2026-01-17T09:53:58 IST" name="tc_0020" finished-at="2026-01-17T09:54:13 IST" duration-ms="14462" status="PASS">
          <reporter-output>
            <line>
              <![CDATA[Admin is created Successfully....]]>
            </line>
          </reporter-output>
        </test-method> <!-- tc_0020 -->
        <test-method is-config="true" signature="logout()[pri:0, instance:AdminModule.Admin@793f29ff]" started-at="2026-01-17T09:54:13 IST" name="logout" finished-at="2026-01-17T09:54:13 IST" duration-ms="0" status="PASS">
          <reporter-output>
          </reporter-output>
        </test-method> <!-- logout -->
        <test-method is-config="true" signature="postCondition()[pri:0, instance:AdminModule.Admin@793f29ff]" started-at="2026-01-17T09:54:13 IST" name="postCondition" finished-at="2026-01-17T09:54:13 IST" duration-ms="0" status="PASS">
          <reporter-output>
          </reporter-output>
        </test-method> <!-- postCondition -->
      </class> <!-- AdminModule.Admin -->
    </test> <!-- Default test -->
  </suite> <!-- Default suite -->
</testng-results>
