<?xml version="1.0" encoding="UTF-8"?>
<!-- Generated by org.testng.reporters.JUnitReportReporter -->
<testsuite hostname="Admin" failures="0" tests="1" name="AdminModule.Admin" time="15.118" errors="0" timestamp="2026-01-17T09:54:13 IST" skipped="0">
  <testcase classname="AdminModule.Admin" name="tc_0020" time="15.118">
    <system-out>
      <![CDATA[Admin is created Successfully....]]>
    </system-out>
  </testcase> <!-- tc_0020 -->
  <system-out>
    <![CDATA[Admin is created Successfully....]]>
  </system-out>
</testsuite> <!-- AdminModule.Admin -->
